<?xml version="1.0" encoding="UTF-8"?>
<!-- Generated by org.testng.reporters.JUnitReportReporter -->
<testsuite hostname="DESKTOP-HIVJLEA" failures="0" tests="1" name="basics.LaunchApplication" time="74.419" errors="0" timestamp="2023-10-21T14:55:29 IST" skipped="0">
  <testcase classname="basics.LaunchApplication" name="launchApp" time="74.419"/>
  <system-out/>
</testsuite> <!-- basics.LaunchApplication -->
