<?xml version="1.0" encoding="UTF-8"?>
<!-- Generated by org.testng.reporters.JUnitReportReporter -->
<testsuite hostname="COLLABPH1000238" failures="0" tests="1" name="collabera.LongPressGesture" time="9.093" errors="0" timestamp="2023-10-24T12:02:15 PST" skipped="0">
  <testcase classname="collabera.LongPressGesture" name="longPress" time="9.093"/>
  <system-out/>
</testsuite> <!-- collabera.LongPressGesture -->
