<?xml version="1.0" encoding="UTF-8"?>
<!-- Generated by org.testng.reporters.JUnitReportReporter -->
<testsuite hostname="DESKTOP-HIVJLEA" failures="0" tests="1" name="basics.LongPressGesture" time="20.673" errors="1" timestamp="2023-10-18T07:26:16 IST" skipped="0">
  <testcase classname="basics.LongPressGesture" name="longPress" time="20.673">
    <error message="[The local appium server has not been started, Reason: Timed out waiting for [http://127.0.0.1:4723/status] to be available after 20059 ms, Consider increasing the server startup timeout value (currently 20000ms), Node.js executable path: C:\Program Files\nodejs\node.exe, Arguments: [C:\Users\Lenovo\AppData\Roaming\npm\node_modules\appium\build\lib\main.js, --port, 4723, --address, 127.0.0.1]]" type="io.appium.java_client.service.local.AppiumServerHasNotBeenStartedLocallyException">
      <![CDATA[io.appium.java_client.service.local.AppiumServerHasNotBeenStartedLocallyException: [The local appium server has not been started, Reason: Timed out waiting for [http://127.0.0.1:4723/status] to be available after 20059 ms, Consider increasing the server startup timeout value (currently 20000ms), Node.js executable path: C:\Program Files\nodejs\node.exe, Arguments: [C:\Users\Lenovo\AppData\Roaming\npm\node_modules\appium\build\lib\main.js, --port, 4723, --address, 127.0.0.1]]
at io.appium.java_client.service.local.AppiumDriverLocalService.start(AppiumDriverLocalService.java:203)
at commonFunctions.BaseClass.startServerwithApp(BaseClass.java:24)
at basics.LongPressGesture.longPress(LongPressGesture.java:16)
at java.base/jdk.internal.reflect.NativeMethodAccessorImpl.invoke0(Native Method)
at java.base/jdk.internal.reflect.NativeMethodAccessorImpl.invoke(NativeMethodAccessorImpl.java:62)
at java.base/jdk.internal.reflect.DelegatingMethodAccessorImpl.invoke(DelegatingMethodAccessorImpl.java:43)
at java.base/java.lang.reflect.Method.invoke(Method.java:566)
at org.testng.internal.invokers.MethodInvocationHelper.invokeMethod(MethodInvocationHelper.java:139)
at org.testng.internal.invokers.TestInvoker.invokeMethod(TestInvoker.java:677)
at org.testng.internal.invokers.TestInvoker.invokeTestMethod(TestInvoker.java:221)
at org.testng.internal.invokers.MethodRunner.runInSequence(MethodRunner.java:50)
at org.testng.internal.invokers.TestInvoker$MethodInvocationAgent.invoke(TestInvoker.java:962)
at org.testng.internal.invokers.TestInvoker.invokeTestMethods(TestInvoker.java:194)
at org.testng.internal.invokers.TestMethodWorker.invokeTestMethods(TestMethodWorker.java:148)
at org.testng.internal.invokers.TestMethodWorker.run(TestMethodWorker.java:128)
at java.base/java.util.ArrayList.forEach(ArrayList.java:1541)
at org.testng.TestRunner.privateRun(TestRunner.java:806)
at org.testng.TestRunner.run(TestRunner.java:601)
at org.testng.SuiteRunner.runTest(SuiteRunner.java:433)
at org.testng.SuiteRunner.runSequentially(SuiteRunner.java:427)
at org.testng.SuiteRunner.privateRun(SuiteRunner.java:387)
at org.testng.SuiteRunner.run(SuiteRunner.java:330)
at org.testng.SuiteRunnerWorker.runSuite(SuiteRunnerWorker.java:52)
at org.testng.SuiteRunnerWorker.run(SuiteRunnerWorker.java:95)
at org.testng.TestNG.runSuitesSequentially(TestNG.java:1256)
at org.testng.TestNG.runSuitesLocally(TestNG.java:1176)
at org.testng.TestNG.runSuites(TestNG.java:1099)
at org.testng.TestNG.run(TestNG.java:1067)
at org.testng.remote.AbstractRemoteTestNG.run(AbstractRemoteTestNG.java:115)
at org.testng.remote.RemoteTestNG.initAndRun(RemoteTestNG.java:251)
at org.testng.remote.RemoteTestNG.main(RemoteTestNG.java:77)
Caused by: org.openqa.selenium.net.UrlChecker$TimeoutException: Timed out waiting for [http://127.0.0.1:4723/status] to be available after 20059 ms
at org.openqa.selenium.net.UrlChecker.waitUntilAvailable(UrlChecker.java:94)
at io.appium.java_client.service.local.AppiumDriverLocalService.ping(AppiumDriverLocalService.java:157)
at io.appium.java_client.service.local.AppiumDriverLocalService.start(AppiumDriverLocalService.java:182)
... 30 more
Caused by: java.util.concurrent.TimeoutException
at java.base/java.util.concurrent.FutureTask.get(FutureTask.java:204)
at org.openqa.selenium.net.UrlChecker.waitUntilAvailable(UrlChecker.java:91)
... 32 more
]]>
    </error>
  </testcase> <!-- longPress -->
  <system-out/>
</testsuite> <!-- basics.LongPressGesture -->
